<?xml version="1.0"?><coverage lines-covered="372" lines-valid="391" line-rate="0.9514066496163683" branches-covered="0" branches-valid="0" branch-rate="0" complexity="0" version="1.9" timestamp="1776472746"><sources><source>/Users/user/Develop/findit-studio/soundevents</source></sources><packages><package name="soundevents" line-rate="0.9913294797687862" branch-rate="0" complexity="0"><classes></classes></package><package name="soundevents-dataset/src" line-rate="0.7073170731707317" branch-rate="0" complexity="0"><classes><class name="lib" filename="soundevents-dataset/src/lib.rs" line-rate="0.7297297297297297" branch-rate="0" complexity="0"><methods/><lines><line number="32" hits="1"/><line number="33" hits="1"/><line number="41" hits="3"/><line number="42" hits="3"/><line number="43" hits="8"/><line number="44" hits="8"/><line number="45" hits="1"/><line number="64" hits="0"/><line number="65" hits="0"/><line number="72" hits="0"/><line number="73" hits="0"/><line number="74" hits="0"/><line number="75" hits="0"/><line number="81" hits="0"/><line number="82" hits="0"/><line number="87" hits="0"/><line number="88" hits="0"/><line number="138" hits="1"/><line number="139" hits="3"/><line number="146" hits="2"/><line number="147" hits="2"/><line number="152" hits="1060"/><line number="153" hits="1060"/><line number="158" hits="3"/><line number="159" hits="3"/><line number="164" hits="1"/><line number="165" hits="1"/><line number="170" hits="1"/><line number="171" hits="1"/><line number="176" hits="1"/><line number="177" hits="1"/><line number="182" hits="1"/><line number="183" hits="1"/><line number="188" hits="1"/><line number="189" hits="1"/><line number="203" hits="1"/><line number="204" hits="1"/></lines></class></classes></package><package name="soundevents-dataset/src/rated" line-rate="0.5" branch-rate="0" complexity="0"><classes><class name="generated" filename="soundevents-dataset/src/rated/generated.rs" line-rate="0" branch-rate="0" complexity="0"><methods/><lines><line number="9471" hits="0"/><line number="9474" hits="0"/></lines></class><class name="mod" filename="soundevents-dataset/src/rated/mod.rs" line-rate="1" branch-rate="0" complexity="0"><methods/><lines><line number="22" hits="2652"/><line number="23" hits="2652"/></lines></class></classes></package><package name="soundevents-dataset" line-rate="0.7073170731707317" branch-rate="0" complexity="0"><classes></classes></package><package name="xtask/src" line-rate="0" branch-rate="0" complexity="0"><classes><class name="main" filename="xtask/src/main.rs" line-rate="0" branch-rate="0" complexity="0"><methods/><lines><line number="466" hits="0"/><line number="467" hits="0"/><line number="471" hits="0"/><line number="472" hits="0"/></lines></class></classes></package><package name="soundevents-dataset/src/ontology" line-rate="0" branch-rate="0" complexity="0"><classes></classes></package><package name="soundevents/src" line-rate="0.9913294797687862" branch-rate="0" complexity="0"><classes><class name="lib" filename="soundevents/src/lib.rs" line-rate="0.9913294797687862" branch-rate="0" complexity="0"><methods/><lines><line number="40" hits="25"/><line number="51" hits="3"/><line number="52" hits="9"/><line number="57" hits="8"/><line number="58" hits="16"/><line number="63" hits="22"/><line number="64" hits="22"/><line number="69" hits="4"/><line number="70" hits="12"/><line number="71" hits="4"/><line number="76" hits="5"/><line number="77" hits="10"/><line number="78" hits="5"/><line number="83" hits="1"/><line number="84" hits="2"/><line number="85" hits="1"/><line number="90" hits="2"/><line number="91" hits="6"/><line number="92" hits="2"/><line number="97" hits="3"/><line number="98" hits="3"/><line number="99" hits="3"/><line number="122" hits="12"/><line number="135" hits="22"/><line number="136" hits="22"/><line number="141" hits="20"/><line number="142" hits="20"/><line number="147" hits="51"/><line number="148" hits="51"/><line number="153" hits="26"/><line number="154" hits="26"/><line number="159" hits="3"/><line number="160" hits="3"/><line number="161" hits="3"/><line number="166" hits="3"/><line number="167" hits="3"/><line number="168" hits="3"/><line number="173" hits="4"/><line number="174" hits="4"/><line number="175" hits="4"/><line number="180" hits="2"/><line number="181" hits="2"/><line number="182" hits="2"/><line number="280" hits="2125"/><line number="281" hits="4250"/><line number="286" hits="2128"/><line number="287" hits="2128"/><line number="292" hits="1"/><line number="293" hits="2"/><line number="298" hits="1"/><line number="299" hits="2"/><line number="304" hits="9597"/><line number="305" hits="9597"/><line number="309" hits="4233"/><line number="310" hits="12698"/><line number="311" hits="8467"/><line number="313" hits="4232"/><line number="324" hits="3"/><line number="325" hits="7"/><line number="332" hits="2255"/><line number="333" hits="4510"/><line number="338" hits="2255"/><line number="339" hits="2255"/><line number="340" hits="2255"/><line number="341" hits="4510"/><line number="342" hits="2258"/><line number="358" hits="3"/><line number="359" hits="15"/><line number="360" hits="8"/><line number="365" hits="2"/><line number="366" hits="6"/><line number="371" hits="17"/><line number="375" hits="34"/><line number="376" hits="34"/><line number="377" hits="17"/><line number="378" hits="34"/><line number="380" hits="34"/><line number="387" hits="17"/><line number="388" hits="68"/><line number="395" hits="6"/><line number="396" hits="30"/><line number="407" hits="1"/><line number="411" hits="4"/><line number="413" hits="1"/><line number="414" hits="1"/><line number="415" hits="2"/><line number="416" hits="5"/><line number="417" hits="1"/><line number="428" hits="1"/><line number="432" hits="5"/><line number="440" hits="1"/><line number="445" hits="4"/><line number="446" hits="2"/><line number="447" hits="3"/><line number="448" hits="1"/><line number="449" hits="2"/><line number="450" hits="1"/><line number="451" hits="0"/><line number="454" hits="3"/><line number="455" hits="1"/><line number="459" hits="8"/><line number="464" hits="40"/><line number="467" hits="30"/><line number="472" hits="90"/><line number="473" hits="210"/><line number="476" hits="31"/><line number="483" hits="124"/><line number="485" hits="62"/><line number="486" hits="31"/><line number="487" hits="31"/><line number="488" hits="62"/><line number="489" hits="31"/><line number="490" hits="0"/><line number="491" hits="0"/><line number="493" hits="107"/><line number="494" hits="76"/><line number="497" hits="31"/><line number="498" hits="93"/><line number="499" hits="62"/><line number="500" hits="31"/><line number="501" hits="155"/><line number="502" hits="155"/><line number="504" hits="124"/><line number="506" hits="62"/><line number="510" hits="1"/><line number="514" hits="4"/><line number="515" hits="1"/><line number="516" hits="1"/><line number="517" hits="2"/><line number="518" hits="3"/><line number="519" hits="2"/><line number="520" hits="2"/><line number="521" hits="2"/><line number="522" hits="2"/><line number="523" hits="1056"/><line number="524" hits="4216"/><line number="526" hits="2"/><line number="528" hits="1"/><line number="533" hits="1"/><line number="537" hits="4"/><line number="538" hits="1"/><line number="539" hits="1"/><line number="540" hits="1"/><line number="541" hits="1"/><line number="542" hits="528"/><line number="543" hits="2108"/><line number="545" hits="1"/><line number="550" hits="3"/><line number="555" hits="7"/><line number="557" hits="2"/><line number="558" hits="1"/><line number="561" hits="4"/><line number="562" hits="6"/><line number="567" hits="2"/><line number="572" hits="6"/><line number="573" hits="6"/><line number="575" hits="2"/><line number="576" hits="6"/><line number="579" hits="2"/><line number="580" hits="1"/><line number="581" hits="1"/><line number="582" hits="1"/><line number="583" hits="1"/><line number="584" hits="1"/><line number="585" hits="1"/><line number="586" hits="2"/><line number="587" hits="13"/><line number="588" hits="1"/><line number="594" hits="5"/><line number="599" hits="25"/><line number="600" hits="5"/><line number="601" hits="5"/><line number="602" hits="5"/><line number="603" hits="5"/><line number="604" hits="7910"/><line number="605" hits="5"/><line number="610" hits="4"/><line number="616" hits="9"/><line number="618" hits="3"/><line number="619" hits="1"/><line number="622" hits="9"/><line number="623" hits="1"/><line number="624" hits="4"/><line number="625" hits="1"/><line number="631" hits="4"/><line number="635" hits="6"/><line number="636" hits="8"/><line number="637" hits="4"/><line number="638" hits="14"/><line number="640" hits="4"/><line number="643" hits="19"/><line number="645" hits="19"/><line number="646" hits="19"/><line number="647" hits="19"/><line number="648" hits="38"/><line number="649" hits="19"/><line number="652" hits="19"/><line number="653" hits="19"/><line number="654" hits="19"/><line number="655" hits="38"/><line number="656" hits="19"/><line number="659" hits="19"/><line number="660" hits="38"/><line number="661" hits="38"/><line number="662" hits="38"/><line number="663" hits="19"/><line number="664" hits="19"/><line number="668" hits="7"/><line number="674" hits="21"/><line number="675" hits="42"/><line number="676" hits="19"/><line number="677" hits="14"/><line number="678" hits="14"/><line number="679" hits="7"/><line number="683" hits="7"/><line number="689" hits="14"/><line number="690" hits="15"/><line number="692" hits="12"/><line number="693" hits="12"/><line number="695" hits="36"/><line number="697" hits="18"/><line number="698" hits="18"/><line number="699" hits="18"/><line number="700" hits="36"/><line number="701" hits="18"/><line number="703" hits="18"/><line number="704" hits="18"/><line number="707" hits="12"/><line number="708" hits="10"/><line number="709" hits="5275"/><line number="710" hits="2635"/><line number="714" hits="6"/><line number="717" hits="18"/><line number="724" hits="72"/><line number="725" hits="58"/><line number="726" hits="18"/><line number="727" hits="36"/><line number="728" hits="18"/><line number="730" hits="28"/><line number="731" hits="12"/><line number="732" hits="36"/><line number="733" hits="6"/><line number="736" hits="14"/><line number="738" hits="19032"/><line number="739" hits="6324"/><line number="743" hits="3172"/><line number="744" hits="3162"/><line number="750" hits="18"/><line number="755" hits="6"/><line number="760" hits="6"/><line number="761" hits="1"/><line number="764" hits="15"/><line number="766" hits="4229"/><line number="767" hits="4224"/><line number="768" hits="4224"/><line number="770" hits="4224"/><line number="771" hits="45"/><line number="772" hits="15"/><line number="775" hits="10540"/><line number="776" hits="165"/><line number="777" hits="110"/><line number="781" hits="20"/><line number="782" hits="35"/><line number="783" hits="30"/><line number="784" hits="45"/><line number="785" hits="15"/><line number="786" hits="15"/><line number="789" hits="5"/><line number="790" hits="5"/><line number="794" hits="58"/><line number="795" hits="116"/><line number="796" hits="3"/><line number="799" hits="55"/><line number="802" hits="10"/><line number="803" hits="25"/><line number="804" hits="4"/><line number="805" hits="12"/><line number="806" hits="12"/><line number="807" hits="4"/><line number="811" hits="6"/><line number="815" hits="68"/><line number="816" hits="68"/><line number="817" hits="136"/><line number="818" hits="136"/><line number="819" hits="68"/><line number="820" hits="68"/><line number="824" hits="36"/><line number="829" hits="72"/><line number="830" hits="1"/><line number="833" hits="105"/><line number="834" hits="70"/><line number="835" hits="6"/><line number="836" hits="1"/><line number="837" hits="1"/><line number="838" hits="3"/><line number="842" hits="1"/><line number="843" hits="2"/><line number="844" hits="1"/><line number="845" hits="1"/><line number="853" hits="33"/><line number="854" hits="5"/><line number="855" hits="62"/><line number="856" hits="93"/><line number="858" hits="31"/><line number="860" hits="1"/><line number="861" hits="2"/><line number="862" hits="1"/><line number="863" hits="1"/><line number="869" hits="35"/><line number="870" hits="69"/><line number="871" hits="1"/><line number="874" hits="69"/><line number="875" hits="99"/><line number="877" hits="43"/><line number="878" hits="20"/><line number="879" hits="20"/><line number="880" hits="1"/><line number="881" hits="2"/><line number="882" hits="1"/><line number="887" hits="32"/><line number="892" hits="6"/><line number="893" hits="6"/><line number="894" hits="42"/><line number="896" hits="30"/><line number="897" hits="72"/><line number="898" hits="54"/><line number="899" hits="72"/><line number="900" hits="54"/><line number="902" hits="60"/><line number="903" hits="27"/><line number="904" hits="1"/><line number="906" hits="4"/><line number="907" hits="2"/><line number="909" hits="10"/><line number="912" hits="18"/><line number="916" hits="7"/><line number="921" hits="14"/><line number="923" hits="37"/><line number="924" hits="60"/><line number="925" hits="7"/><line number="928" hits="161"/><line number="929" hits="69"/><line number="930" hits="46"/><line number="931" hits="23"/><line number="936" hits="12132"/><line number="937" hits="12132"/></lines></class></classes></package></packages></coverage>